<?xml version="1.0" encoding="UTF-8"?>
<!-- Generated by org.testng.reporters.JUnitReportReporter -->
<testsuite hostname="Num30-PC" name="demo.selenium.order.TestOrder" tests="2" failures="0" timestamp="29 Feb 2016 03:24:07 GMT" time="0.004" errors="0">
  <testcase name="test2" time="0.001" classname="demo.selenium.order.TestOrder"/>
  <testcase name="test1" time="0.003" classname="demo.selenium.order.TestOrder"/>
</testsuite> <!-- demo.selenium.order.TestOrder -->
