<?xml version="1.0" encoding="UTF-8"?>
<!-- Generated by org.testng.reporters.JUnitReportReporter -->
<testsuite hostname="Num30-PC" name="demo.selenium.order.DependentTest" tests="3" failures="0" timestamp="29 Feb 2016 03:24:07 GMT" time="0.004" errors="0">
  <testcase name="openBrowser" time="0.002" classname="demo.selenium.order.DependentTest"/>
  <testcase name="logout" time="0.001" classname="demo.selenium.order.DependentTest"/>
  <testcase name="signin" time="0.001" classname="demo.selenium.order.DependentTest"/>
</testsuite> <!-- demo.selenium.order.DependentTest -->
