<?xml version="1.0" encoding="UTF-8"?>
<!-- Generated by org.testng.reporters.JUnitReportReporter -->
<testsuite hostname="Num30-PC" name="demo.selenium.order.Grouping" tests="5" failures="0" timestamp="29 Feb 2016 03:24:07 GMT" time="0.009" errors="0">
  <testcase name="feeder" time="0.002" classname="demo.selenium.order.Grouping"/>
  <testcase name="dog" time="0.000" classname="demo.selenium.order.Grouping"/>
  <testcase name="cat" time="0.005" classname="demo.selenium.order.Grouping"/>
  <testcase name="teacher" time="0.001" classname="demo.selenium.order.Grouping"/>
  <testcase name="student" time="0.001" classname="demo.selenium.order.Grouping"/>
</testsuite> <!-- demo.selenium.order.Grouping -->
